app/build/outputs/logs/manifest-merger-release-report.txt
-- Merging decision tree log ---
manifest
ADDED from AndroidManifest.xml:2:1
	package
		ADDED from AndroidManifest.xml:3:5
		INJECTED from AndroidManifest.xml:0:0
		INJECTED from AndroidManifest.xml:0:0
	android:versionName
		ADDED from AndroidManifest.xml:5:5
	android:versionCode
		ADDED from AndroidManifest.xml:4:5
		INJECTED from AndroidManifest.xml:0:0
		INJECTED from AndroidManifest.xml:0:0
	xmlns:android
		ADDED from AndroidManifest.xml:2:11
uses-sdk
ADDED from AndroidManifest.xml:7:5
	android:targetSdkVersion
		ADDED from AndroidManifest.xml:9:9
		INJECTED from AndroidManifest.xml:0:0
		INJECTED from AndroidManifest.xml:0:0
	android:minSdkVersion
		ADDED from AndroidManifest.xml:8:9
		INJECTED from AndroidManifest.xml:0:0
		INJECTED from AndroidManifest.xml:0:0
uses-permission#android.permission.CALL_PHONE
ADDED from AndroidManifest.xml:11:5
	android:name
		ADDED from AndroidManifest.xml:11:22
application
ADDED from AndroidManifest.xml:13:5
	android:label
		ADDED from AndroidManifest.xml:16:9
	android:allowBackup
		ADDED from AndroidManifest.xml:14:9
	android:icon
		ADDED from AndroidManifest.xml:15:9
	android:theme
		ADDED from AndroidManifest.xml:17:9
activity#com.pkm.georgikafarmaka.Menu
ADDED from AndroidManifest.xml:18:9
	android:label
		ADDED from AndroidManifest.xml:20:13
	android:name
		ADDED from AndroidManifest.xml:19:13
intent-filter#android.intent.action.MAIN+android.intent.category.LAUNCHER
ADDED from AndroidManifest.xml:21:13
action#android.intent.action.MAIN
ADDED from AndroidManifest.xml:22:17
	android:name
		ADDED from AndroidManifest.xml:22:25
category#android.intent.category.LAUNCHER
ADDED from AndroidManifest.xml:24:17
	android:name
		ADDED from AndroidManifest.xml:24:27
activity#com.pkm.georgikafarmaka.Erotimatologio
ADDED from AndroidManifest.xml:27:9
	android:label
		ADDED from AndroidManifest.xml:29:13
	android:name
		ADDED from AndroidManifest.xml:28:13
intent-filter#android.intent.category.DEFAULT+com.example.triviality.Erotimatologio
ADDED from AndroidManifest.xml:30:13
action#com.example.triviality.Erotimatologio
ADDED from AndroidManifest.xml:31:17
	android:name
		ADDED from AndroidManifest.xml:31:25
category#android.intent.category.DEFAULT
ADDED from AndroidManifest.xml:33:17
	android:name
		ADDED from AndroidManifest.xml:33:27
activity#com.pkm.georgikafarmaka.Sxetika
ADDED from AndroidManifest.xml:36:9
	android:label
		ADDED from AndroidManifest.xml:38:13
	android:name
		ADDED from AndroidManifest.xml:37:13
intent-filter#android.intent.category.DEFAULT+com.example.triviality.Sxetika
ADDED from AndroidManifest.xml:39:13
action#com.example.triviality.Sxetika
ADDED from AndroidManifest.xml:40:17
	android:name
		ADDED from AndroidManifest.xml:40:25
activity#com.pkm.georgikafarmaka.Epikoinonia
ADDED from AndroidManifest.xml:45:9
	android:label
		ADDED from AndroidManifest.xml:47:13
	android:name
		ADDED from AndroidManifest.xml:46:13
intent-filter#android.intent.category.DEFAULT+com.example.triviality.Epikoinonia
ADDED from AndroidManifest.xml:48:13
action#com.example.triviality.Epikoinonia
ADDED from AndroidManifest.xml:49:17
	android:name
		ADDED from AndroidManifest.xml:49:25
activity#com.pkm.georgikafarmaka.SostaResult
ADDED from AndroidManifest.xml:54:9
	android:label
		ADDED from AndroidManifest.xml:56:13
	android:name
		ADDED from AndroidManifest.xml:55:13
intent-filter#android.intent.category.DEFAULT+com.example.triviality.SostaResult
ADDED from AndroidManifest.xml:57:13
action#com.example.triviality.SostaResult
ADDED from AndroidManifest.xml:58:17
	android:name
		ADDED from AndroidManifest.xml:58:25
activity#com.pkm.georgikafarmaka.SostaResult_2
ADDED from AndroidManifest.xml:63:9
	android:label
		ADDED from AndroidManifest.xml:65:13
	android:name
		ADDED from AndroidManifest.xml:64:13
intent-filter#android.intent.category.DEFAULT+com.example.triviality.SostaResult_2
ADDED from AndroidManifest.xml:66:13
action#com.example.triviality.SostaResult_2
ADDED from AndroidManifest.xml:67:17
	android:name
		ADDED from AndroidManifest.xml:67:25
activity#com.pkm.georgikafarmaka.SostaResult_3
ADDED from AndroidManifest.xml:72:9
	android:label
		ADDED from AndroidManifest.xml:74:13
	android:name
		ADDED from AndroidManifest.xml:73:13
intent-filter#android.intent.category.DEFAULT+com.example.triviality.SostaResult_3
ADDED from AndroidManifest.xml:75:13
action#com.example.triviality.SostaResult_3
ADDED from AndroidManifest.xml:76:17
	android:name
		ADDED from AndroidManifest.xml:76:25
activity#com.pkm.georgikafarmaka.SostaResult_4
ADDED from AndroidManifest.xml:81:9
	android:label
		ADDED from AndroidManifest.xml:83:13
	android:name
		ADDED from AndroidManifest.xml:82:13
intent-filter#android.intent.category.DEFAULT+com.example.triviality.SostaResult_4
ADDED from AndroidManifest.xml:84:13
action#com.example.triviality.SostaResult_4
ADDED from AndroidManifest.xml:85:17
	android:name
		ADDED from AndroidManifest.xml:85:25
activity#com.pkm.georgikafarmaka.SostaResult_5
ADDED from AndroidManifest.xml:90:9
	android:label
		ADDED from AndroidManifest.xml:92:13
	android:name
		ADDED from AndroidManifest.xml:91:13
intent-filter#android.intent.category.DEFAULT+com.example.triviality.SostaResult_5
ADDED from AndroidManifest.xml:93:13
action#com.example.triviality.SostaResult_5
ADDED from AndroidManifest.xml:94:17
	android:name
		ADDED from AndroidManifest.xml:94:25
activity#com.pkm.georgikafarmaka.SostaResult_6
ADDED from AndroidManifest.xml:99:9
	android:label
		ADDED from AndroidManifest.xml:101:13
	android:name
		ADDED from AndroidManifest.xml:100:13
intent-filter#android.intent.category.DEFAULT+com.example.triviality.SostaResult_6
ADDED from AndroidManifest.xml:102:13
action#com.example.triviality.SostaResult_6
ADDED from AndroidManifest.xml:103:17
	android:name
		ADDED from AndroidManifest.xml:103:25
activity#com.pkm.georgikafarmaka.SostaResult_7
ADDED from AndroidManifest.xml:108:9
	android:label
		ADDED from AndroidManifest.xml:110:13
	android:name
		ADDED from AndroidManifest.xml:109:13
intent-filter#android.intent.category.DEFAULT+com.example.triviality.SostaResult_7
ADDED from AndroidManifest.xml:111:13
action#com.example.triviality.SostaResult_7
ADDED from AndroidManifest.xml:112:17
	android:name
		ADDED from AndroidManifest.xml:112:25
activity#com.pkm.georgikafarmaka.LathosResult
ADDED from AndroidManifest.xml:118:9
	android:label
		ADDED from AndroidManifest.xml:120:13
	android:name
		ADDED from AndroidManifest.xml:119:13
intent-filter#android.intent.category.DEFAULT+com.example.triviality.LathosResult
ADDED from AndroidManifest.xml:121:13
action#com.example.triviality.LathosResult
ADDED from AndroidManifest.xml:122:17
	android:name
		ADDED from AndroidManifest.xml:122:25
activity#com.pkm.georgikafarmaka.LathosResult_2
ADDED from AndroidManifest.xml:127:9
	android:label
		ADDED from AndroidManifest.xml:129:13
	android:name
		ADDED from AndroidManifest.xml:128:13
intent-filter#android.intent.category.DEFAULT+com.example.triviality.LathosResult_2
ADDED from AndroidManifest.xml:130:13
action#com.example.triviality.LathosResult_2
ADDED from AndroidManifest.xml:131:17
	android:name
		ADDED from AndroidManifest.xml:131:25
activity#com.pkm.georgikafarmaka.LathosResult_3
ADDED from AndroidManifest.xml:136:9
	android:label
		ADDED from AndroidManifest.xml:138:13
	android:name
		ADDED from AndroidManifest.xml:137:13
intent-filter#android.intent.category.DEFAULT+com.example.triviality.LathosResult_3
ADDED from AndroidManifest.xml:139:13
action#com.example.triviality.LathosResult_3
ADDED from AndroidManifest.xml:140:17
	android:name
		ADDED from AndroidManifest.xml:140:25
activity#com.pkm.georgikafarmaka.LathosResult_4
ADDED from AndroidManifest.xml:145:9
	android:label
		ADDED from AndroidManifest.xml:147:13
	android:name
		ADDED from AndroidManifest.xml:146:13
intent-filter#android.intent.category.DEFAULT+com.example.triviality.LathosResult_4
ADDED from AndroidManifest.xml:148:13
action#com.example.triviality.LathosResult_4
ADDED from AndroidManifest.xml:149:17
	android:name
		ADDED from AndroidManifest.xml:149:25
activity#com.pkm.georgikafarmaka.LathosResult_5
ADDED from AndroidManifest.xml:154:9
	android:label
		ADDED from AndroidManifest.xml:156:13
	android:name
		ADDED from AndroidManifest.xml:155:13
intent-filter#android.intent.category.DEFAULT+com.example.triviality.LathosResult_5
ADDED from AndroidManifest.xml:157:13
action#com.example.triviality.LathosResult_5
ADDED from AndroidManifest.xml:158:17
	android:name
		ADDED from AndroidManifest.xml:158:25
activity#com.pkm.georgikafarmaka.LathosResult_6
ADDED from AndroidManifest.xml:163:9
	android:label
		ADDED from AndroidManifest.xml:165:13
	android:name
		ADDED from AndroidManifest.xml:164:13
intent-filter#android.intent.category.DEFAULT+com.example.triviality.LathosResult_6
ADDED from AndroidManifest.xml:166:13
action#com.example.triviality.LathosResult_6
ADDED from AndroidManifest.xml:167:17
	android:name
		ADDED from AndroidManifest.xml:167:25
activity#com.pkm.georgikafarmaka.LathosResult_7
ADDED from AndroidManifest.xml:172:9
	android:label
		ADDED from AndroidManifest.xml:174:13
	android:name
		ADDED from AndroidManifest.xml:173:13
intent-filter#android.intent.category.DEFAULT+com.example.triviality.LathosResult_7
ADDED from AndroidManifest.xml:175:13
action#com.example.triviality.LathosResult_7
ADDED from AndroidManifest.xml:176:17
	android:name
		ADDED from AndroidManifest.xml:176:25
activity#com.pkm.georgikafarmaka.QuizActivity
ADDED from AndroidManifest.xml:182:9
	android:screenOrientation
		ADDED from AndroidManifest.xml:186:13
	android:label
		ADDED from AndroidManifest.xml:185:13
	android:configChanges
		ADDED from AndroidManifest.xml:184:13
	android:name
		ADDED from AndroidManifest.xml:183:13
intent-filter#android.intent.category.DEFAULT+com.example.triviality.QuizActivity
ADDED from AndroidManifest.xml:187:13
action#com.example.triviality.QuizActivity
ADDED from AndroidManifest.xml:188:17
	android:name
		ADDED from AndroidManifest.xml:188:25
activity#com.pkm.georgikafarmaka.QuizActivity_2
ADDED from AndroidManifest.xml:193:9
	android:screenOrientation
		ADDED from AndroidManifest.xml:197:13
	android:label
		ADDED from AndroidManifest.xml:196:13
	android:configChanges
		ADDED from AndroidManifest.xml:195:13
	android:name
		ADDED from AndroidManifest.xml:194:13
intent-filter#android.intent.category.DEFAULT+com.example.triviality.QuizActivity_2
ADDED from AndroidManifest.xml:198:13
action#com.example.triviality.QuizActivity_2
ADDED from AndroidManifest.xml:199:17
	android:name
		ADDED from AndroidManifest.xml:199:25
activity#com.pkm.georgikafarmaka.QuizActivity_3
ADDED from AndroidManifest.xml:204:9
	android:screenOrientation
		ADDED from AndroidManifest.xml:208:13
	android:label
		ADDED from AndroidManifest.xml:207:13
	android:configChanges
		ADDED from AndroidManifest.xml:206:13
	android:name
		ADDED from AndroidManifest.xml:205:13
intent-filter#android.intent.category.DEFAULT+com.example.triviality.QuizActivity_3
ADDED from AndroidManifest.xml:209:13
action#com.example.triviality.QuizActivity_3
ADDED from AndroidManifest.xml:210:17
	android:name
		ADDED from AndroidManifest.xml:210:25
activity#com.pkm.georgikafarmaka.QuizActivity_4
ADDED from AndroidManifest.xml:215:9
	android:screenOrientation
		ADDED from AndroidManifest.xml:219:13
	android:label
		ADDED from AndroidManifest.xml:218:13
	android:configChanges
		ADDED from AndroidManifest.xml:217:13
	android:name
		ADDED from AndroidManifest.xml:216:13
intent-filter#android.intent.category.DEFAULT+com.example.triviality.QuizActivity_4
ADDED from AndroidManifest.xml:220:13
action#com.example.triviality.QuizActivity_4
ADDED from AndroidManifest.xml:221:17
	android:name
		ADDED from AndroidManifest.xml:221:25
activity#com.pkm.georgikafarmaka.QuizActivity_5
ADDED from AndroidManifest.xml:226:9
	android:screenOrientation
		ADDED from AndroidManifest.xml:230:13
	android:label
		ADDED from AndroidManifest.xml:229:13
	android:configChanges
		ADDED from AndroidManifest.xml:228:13
	android:name
		ADDED from AndroidManifest.xml:227:13
intent-filter#android.intent.category.DEFAULT+com.example.triviality.QuizActivity_5
ADDED from AndroidManifest.xml:231:13
action#com.example.triviality.QuizActivity_5
ADDED from AndroidManifest.xml:232:17
	android:name
		ADDED from AndroidManifest.xml:232:25
activity#com.pkm.georgikafarmaka.QuizActivity_6
ADDED from AndroidManifest.xml:237:9
	android:screenOrientation
		ADDED from AndroidManifest.xml:241:13
	android:label
		ADDED from AndroidManifest.xml:240:13
	android:configChanges
		ADDED from AndroidManifest.xml:239:13
	android:name
		ADDED from AndroidManifest.xml:238:13
intent-filter#android.intent.category.DEFAULT+com.example.triviality.QuizActivity_6
ADDED from AndroidManifest.xml:242:13
action#com.example.triviality.QuizActivity_6
ADDED from AndroidManifest.xml:243:17
	android:name
		ADDED from AndroidManifest.xml:243:25
activity#com.pkm.georgikafarmaka.QuizActivity_7
ADDED from AndroidManifest.xml:248:9
	android:screenOrientation
		ADDED from AndroidManifest.xml:252:13
	android:label
		ADDED from AndroidManifest.xml:251:13
	android:configChanges
		ADDED from AndroidManifest.xml:250:13
	android:name
		ADDED from AndroidManifest.xml:249:13
intent-filter#android.intent.category.DEFAULT+com.example.triviality.QuizActivity_7
ADDED from AndroidManifest.xml:253:13
action#com.example.triviality.QuizActivity_7
ADDED from AndroidManifest.xml:254:17
	android:name
		ADDED from AndroidManifest.xml:254:25
activity#com.pkm.georgikafarmaka.ResultActivity
ADDED from AndroidManifest.xml:259:9
	android:label
		ADDED from AndroidManifest.xml:261:13
	android:name
		ADDED from AndroidManifest.xml:260:13
activity#com.pkm.georgikafarmaka.ResultActivity_2
ADDED from AndroidManifest.xml:262:9
	android:label
		ADDED from AndroidManifest.xml:264:13
	android:name
		ADDED from AndroidManifest.xml:263:13
activity#com.pkm.georgikafarmaka.ResultActivity_3
ADDED from AndroidManifest.xml:265:9
	android:label
		ADDED from AndroidManifest.xml:267:13
	android:name
		ADDED from AndroidManifest.xml:266:13
activity#com.pkm.georgikafarmaka.ResultActivity_4
ADDED from AndroidManifest.xml:268:9
	android:label
		ADDED from AndroidManifest.xml:270:13
	android:name
		ADDED from AndroidManifest.xml:269:13
activity#com.pkm.georgikafarmaka.ResultActivity_5
ADDED from AndroidManifest.xml:271:9
	android:label
		ADDED from AndroidManifest.xml:273:13
	android:name
		ADDED from AndroidManifest.xml:272:13
activity#com.pkm.georgikafarmaka.ResultActivity_6
ADDED from AndroidManifest.xml:274:9
	android:label
		ADDED from AndroidManifest.xml:276:13
	android:name
		ADDED from AndroidManifest.xml:275:13
activity#com.pkm.georgikafarmaka.ResultActivity_7
ADDED from AndroidManifest.xml:277:9
	android:label
		ADDED from AndroidManifest.xml:279:13
	android:name
		ADDED from AndroidManifest.xml:278:13